<?xml version="1.0" encoding="UTF-8"?>
<!-- Generated by org.testng.reporters.JUnitXMLReporter -->
<testsuite hostname="LAPTOP-91J108P6" ignored="6" name="regression Test" tests="5" failures="2" timestamp="2022-12-13T22:49:41 GMT" time="53.083" errors="0">
  <testcase name="verifyPageNavigationToComputerPageSuccessfully" time="0.571" classname="com.nopcommerce.demo.testsuite.HomePageTest"/>
  <testcase name="verifyProductAddedToShoppingCartSuccessFully" time="24.132" classname="com.nopcommerce.demo.testsuite.ComputerPageTest">
    <failure type="org.openqa.selenium.ElementNotInteractableException" message="element not interactable
  (Session info: chrome=108.0.5359.99)
Build info: version: &amp;apos;4.6.0&amp;apos;, revision: &amp;apos;79f1c02ae20&amp;apos;
System info: os.name: &amp;apos;Windows 10&amp;apos;, os.arch: &amp;apos;amd64&amp;apos;, os.version: &amp;apos;10.0&amp;apos;, java.version: &amp;apos;1.8.0_251&amp;apos;
Driver info: org.openqa.selenium.chrome.ChromeDriver
Command: [38830eb4c585f794bd6c2211483267c9, clickElement {id=c5b27fbb-2a99-4195-8d4f-0fe92dbeea3a}]
Capabilities {acceptInsecureCerts: false, browserName: chrome, browserVersion: 108.0.5359.99, chrome: {chromedriverVersion: 108.0.5359.71 (1e0e3868ee06..., userDataDir: C:\Users\kinmi\AppData\Loca...}, goog:chromeOptions: {debuggerAddress: localhost:58233}, networkConnectionEnabled: false, pageLoadStrategy: normal, platformName: WINDOWS, proxy: Proxy(), se:cdp: ws://localhost:58233/devtoo..., se:cdpVersion: 108.0.5359.99, setWindowRect: true, strictFileInteractability: false, timeouts: {implicit: 0, pageLoad: 300000, script: 30000}, unhandledPromptBehavior: dismiss and notify, webauthn:extension:credBlob: true, webauthn:extension:largeBlob: true, webauthn:virtualAuthenticators: true}
Element: [[ChromeDriver: chrome on WINDOWS (38830eb4c585f794bd6c2211483267c9)] -&amp;gt; xpath: //button[contains(text(),&amp;apos;Go to cart&amp;apos;)]]
Session ID: 38830eb4c585f794bd6c2211483267c9">
      <![CDATA[org.openqa.selenium.ElementNotInteractableException: element not interactable
  (Session info: chrome=108.0.5359.99)
Build info: version: '4.6.0', revision: '79f1c02ae20'
System info: os.name: 'Windows 10', os.arch: 'amd64', os.version: '10.0', java.version: '1.8.0_251'
Driver info: org.openqa.selenium.chrome.ChromeDriver
Command: [38830eb4c585f794bd6c2211483267c9, clickElement {id=c5b27fbb-2a99-4195-8d4f-0fe92dbeea3a}]
Capabilities {acceptInsecureCerts: false, browserName: chrome, browserVersion: 108.0.5359.99, chrome: {chromedriverVersion: 108.0.5359.71 (1e0e3868ee06..., userDataDir: C:\Users\kinmi\AppData\Loca...}, goog:chromeOptions: {debuggerAddress: localhost:58233}, networkConnectionEnabled: false, pageLoadStrategy: normal, platformName: WINDOWS, proxy: Proxy(), se:cdp: ws://localhost:58233/devtoo..., se:cdpVersion: 108.0.5359.99, setWindowRect: true, strictFileInteractability: false, timeouts: {implicit: 0, pageLoad: 300000, script: 30000}, unhandledPromptBehavior: dismiss and notify, webauthn:extension:credBlob: true, webauthn:extension:largeBlob: true, webauthn:virtualAuthenticators: true}
Element: [[ChromeDriver: chrome on WINDOWS (38830eb4c585f794bd6c2211483267c9)] -> xpath: //button[contains(text(),'Go to cart')]]
Session ID: 38830eb4c585f794bd6c2211483267c9
at org.openqa.selenium.remote.codec.w3c.W3CHttpResponseCodec.createException(W3CHttpResponseCodec.java:200)
at org.openqa.selenium.remote.codec.w3c.W3CHttpResponseCodec.decode(W3CHttpResponseCodec.java:133)
at org.openqa.selenium.remote.codec.w3c.W3CHttpResponseCodec.decode(W3CHttpResponseCodec.java:53)
at org.openqa.selenium.remote.HttpCommandExecutor.execute(HttpCommandExecutor.java:184)
at org.openqa.selenium.remote.service.DriverCommandExecutor.invokeExecute(DriverCommandExecutor.java:167)
at org.openqa.selenium.remote.service.DriverCommandExecutor.execute(DriverCommandExecutor.java:142)
at org.openqa.selenium.remote.RemoteWebDriver.execute(RemoteWebDriver.java:541)
at org.openqa.selenium.remote.RemoteWebElement.execute(RemoteWebElement.java:257)
at org.openqa.selenium.remote.RemoteWebElement.click(RemoteWebElement.java:78)
at org.openqa.selenium.support.pagefactory.internal.LocatingElementHandler.invoke(LocatingElementHandler.java:52)
at com.sun.proxy.$Proxy15.click(Unknown Source)
at com.nopcommerce.demo.utility.Utility.clickOnElement(Utility.java:50)
at com.nopcommerce.demo.pages.AddToCartPage.mouseHooverAndClickOnAddToCart(AddToCartPage.java:207)
at com.nopcommerce.demo.testsuite.ComputerPageTest.verifyProductAddedToShoppingCartSuccessFully(ComputerPageTest.java:70)
at java.util.ArrayList.forEach(ArrayList.java:1257)
at com.intellij.rt.testng.IDEARemoteTestNG.run(IDEARemoteTestNG.java:66)
at com.intellij.rt.testng.RemoteTestNGStarter.main(RemoteTestNGStarter.java:109)
... Removed 32 stack frames]]>
    </failure>
  </testcase> <!-- verifyProductAddedToShoppingCartSuccessFully -->
  <testcase name="verifyProductArrangeInAlphaBaticalOrder" time="2.941" classname="com.nopcommerce.demo.testsuite.ComputerPageTest"/>
  <testcase name="TestNameVerifyUserShouldNavigateToCellPhonesPageSuccessfully" time="0.922" classname="com.nopcommerce.demo.testsuite.ElectronicsTest"/>
  <testcase name="verifyThatTheProductAddedSuccessfullyAndPlaceOrderSuccessfully" time="3.541" classname="com.nopcommerce.demo.testsuite.ElectronicsTest">
    <failure type="org.openqa.selenium.ElementNotInteractableException" message="element not interactable: [object HTMLButtonElement] has no size and location
  (Session info: chrome=108.0.5359.99)
Build info: version: &amp;apos;4.6.0&amp;apos;, revision: &amp;apos;79f1c02ae20&amp;apos;
System info: os.name: &amp;apos;Windows 10&amp;apos;, os.arch: &amp;apos;amd64&amp;apos;, os.version: &amp;apos;10.0&amp;apos;, java.version: &amp;apos;1.8.0_251&amp;apos;
Driver info: org.openqa.selenium.chrome.ChromeDriver
Command: [e2936dbe0f919b350e47f123e5c62922, actions {actions=[org.openqa.selenium.interactions.Sequence@3a230001]}]
Capabilities {acceptInsecureCerts: false, browserName: chrome, browserVersion: 108.0.5359.99, chrome: {chromedriverVersion: 108.0.5359.71 (1e0e3868ee06..., userDataDir: C:\Users\kinmi\AppData\Loca...}, goog:chromeOptions: {debuggerAddress: localhost:58296}, networkConnectionEnabled: false, pageLoadStrategy: normal, platformName: WINDOWS, proxy: Proxy(), se:cdp: ws://localhost:58296/devtoo..., se:cdpVersion: 108.0.5359.99, setWindowRect: true, strictFileInteractability: false, timeouts: {implicit: 0, pageLoad: 300000, script: 30000}, unhandledPromptBehavior: dismiss and notify, webauthn:extension:credBlob: true, webauthn:extension:largeBlob: true, webauthn:virtualAuthenticators: true}
Session ID: e2936dbe0f919b350e47f123e5c62922">
      <![CDATA[org.openqa.selenium.ElementNotInteractableException: element not interactable: [object HTMLButtonElement] has no size and location
  (Session info: chrome=108.0.5359.99)
Build info: version: '4.6.0', revision: '79f1c02ae20'
System info: os.name: 'Windows 10', os.arch: 'amd64', os.version: '10.0', java.version: '1.8.0_251'
Driver info: org.openqa.selenium.chrome.ChromeDriver
Command: [e2936dbe0f919b350e47f123e5c62922, actions {actions=[org.openqa.selenium.interactions.Sequence@3a230001]}]
Capabilities {acceptInsecureCerts: false, browserName: chrome, browserVersion: 108.0.5359.99, chrome: {chromedriverVersion: 108.0.5359.71 (1e0e3868ee06..., userDataDir: C:\Users\kinmi\AppData\Loca...}, goog:chromeOptions: {debuggerAddress: localhost:58296}, networkConnectionEnabled: false, pageLoadStrategy: normal, platformName: WINDOWS, proxy: Proxy(), se:cdp: ws://localhost:58296/devtoo..., se:cdpVersion: 108.0.5359.99, setWindowRect: true, strictFileInteractability: false, timeouts: {implicit: 0, pageLoad: 300000, script: 30000}, unhandledPromptBehavior: dismiss and notify, webauthn:extension:credBlob: true, webauthn:extension:largeBlob: true, webauthn:virtualAuthenticators: true}
Session ID: e2936dbe0f919b350e47f123e5c62922
at org.openqa.selenium.remote.codec.w3c.W3CHttpResponseCodec.createException(W3CHttpResponseCodec.java:200)
at org.openqa.selenium.remote.codec.w3c.W3CHttpResponseCodec.decode(W3CHttpResponseCodec.java:133)
at org.openqa.selenium.remote.codec.w3c.W3CHttpResponseCodec.decode(W3CHttpResponseCodec.java:53)
at org.openqa.selenium.remote.HttpCommandExecutor.execute(HttpCommandExecutor.java:184)
at org.openqa.selenium.remote.service.DriverCommandExecutor.invokeExecute(DriverCommandExecutor.java:167)
at org.openqa.selenium.remote.service.DriverCommandExecutor.execute(DriverCommandExecutor.java:142)
at org.openqa.selenium.remote.RemoteWebDriver.execute(RemoteWebDriver.java:541)
at org.openqa.selenium.remote.RemoteWebDriver.perform(RemoteWebDriver.java:609)
at org.openqa.selenium.interactions.Actions$BuiltAction.perform(Actions.java:567)
at org.openqa.selenium.interactions.Actions.perform(Actions.java:536)
at com.nopcommerce.demo.utility.Utility.mouseHoverToElementAndClick(Utility.java:248)
at com.nopcommerce.demo.pages.ElectronicsPage.clickOnShoppingCart(ElectronicsPage.java:305)
at com.nopcommerce.demo.testsuite.ElectronicsTest.verifyThatTheProductAddedSuccessfullyAndPlaceOrderSuccessfully(ElectronicsTest.java:59)
at java.util.ArrayList.forEach(ArrayList.java:1257)
at com.intellij.rt.testng.IDEARemoteTestNG.run(IDEARemoteTestNG.java:66)
at com.intellij.rt.testng.RemoteTestNGStarter.main(RemoteTestNGStarter.java:109)
... Removed 28 stack frames]]>
    </failure>
  </testcase> <!-- verifyThatTheProductAddedSuccessfullyAndPlaceOrderSuccessfully -->
  <testcase name="verifyPageNavigationToDigitalDownloadsPageSuccessfully" time="0.0" classname="com.nopcommerce.demo.testsuite.HomePageTest">
    <ignored/>
  </testcase> <!-- verifyPageNavigationToDigitalDownloadsPageSuccessfully -->
  <testcase name="verifyPageNavigationToApparelPageSuccessfully" time="0.0" classname="com.nopcommerce.demo.testsuite.HomePageTest">
    <ignored/>
  </testcase> <!-- verifyPageNavigationToApparelPageSuccessfully -->
  <testcase name="verifyPageNavigationToElectronicsPageSuccessfully" time="0.0" classname="com.nopcommerce.demo.testsuite.HomePageTest">
    <ignored/>
  </testcase> <!-- verifyPageNavigationToElectronicsPageSuccessfully -->
  <testcase name="verifyPageNavigationToBooksPageSuccessfully" time="0.0" classname="com.nopcommerce.demo.testsuite.HomePageTest">
    <ignored/>
  </testcase> <!-- verifyPageNavigationToBooksPageSuccessfully -->
  <testcase name="verifyPageNavigationToGiftCardsPageSuccessfully" time="0.0" classname="com.nopcommerce.demo.testsuite.HomePageTest">
    <ignored/>
  </testcase> <!-- verifyPageNavigationToGiftCardsPageSuccessfully -->
  <testcase name="verifyPageNavigationToJewelryPageSuccessfully" time="0.0" classname="com.nopcommerce.demo.testsuite.HomePageTest">
    <ignored/>
  </testcase> <!-- verifyPageNavigationToJewelryPageSuccessfully -->
</testsuite> <!-- regression Test -->
