<html>
<head>
<title>TestNG:  regression Test</title>
<link href="../testng.css" rel="stylesheet" type="text/css" />
<link href="../my-testng.css" rel="stylesheet" type="text/css" />

<style type="text/css">
.log { display: none;} 
.stack-trace { display: none;} 
</style>
<script type="text/javascript">
<!--
function flip(e) {
  current = e.style.display;
  if (current == 'block') {
    e.style.display = 'none';
    return 0;
  }
  else {
    e.style.display = 'block';
    return 1;
  }
}

function toggleBox(szDivId, elem, msg1, msg2)
{
  var res = -1;  if (document.getElementById) {
    res = flip(document.getElementById(szDivId));
  }
  else if (document.all) {
    // this is the way old msie versions work
    res = flip(document.all[szDivId]);
  }
  if(elem) {
    if(res == 0) elem.innerHTML = msg1; else elem.innerHTML = msg2;
  }

}

function toggleAllBoxes() {
  if (document.getElementsByTagName) {
    d = document.getElementsByTagName('div');
    for (i = 0; i < d.length; i++) {
      if (d[i].className == 'log') {
        flip(d[i]);
      }
    }
  }
}

// -->
</script>

</head>
<body>
<h2 align='center'>regression Test</h2><table border='1' align="center">
<tr>
<td>Tests passed/Failed/Skipped:</td><td>3/2/0</td>
</tr><tr>
<td>Started on:</td><td>Tue Dec 13 22:48:48 GMT 2022</td>
</tr>
<tr><td>Total time:</td><td>53 seconds (53083 ms)</td>
</tr><tr>
<td>Included groups:</td><td>regression </td>
</tr><tr>
<td>Excluded groups:</td><td></td>
</tr>
</table><p/>
<small><i>(Hover the method name to see the test class name)</i></small><p/>
<table width='100%' border='1' class='invocation-failed'>
<tr><td colspan='4' align='center'><b>FAILED TESTS</b></td></tr>
<tr><td><b>Test method</b></td>
<td width="30%"><b>Exception</b></td>
<td width="10%"><b>Time (seconds)</b></td>
<td><b>Instance</b></td>
</tr>
<tr>
<td title='com.nopcommerce.demo.testsuite.ElectronicsTest.verifyThatTheProductAddedSuccessfullyAndPlaceOrderSuccessfully()'><b>verifyThatTheProductAddedSuccessfullyAndPlaceOrderSuccessfully</b><br>Test class: com.nopcommerce.demo.testsuite.ElectronicsTest<br/>
<a href="#Output-947173397" onClick='toggleBox("Output-947173397", this, "Show output", "Hide output");'>Show output</a>

<a href="#Output-947173397" onClick="toggleAllBoxes();">Show all outputs</a>
<div class='log' id="Output-947173397">
Clicking on Continue Tab : [[ChromeDriver: chrome on WINDOWS (e2936dbe0f919b350e47f123e5c62922)] -> xpath: //ul[@class='top-menu notmobile']/li[2]]<br/>
Clicking on Continue Tab : [[ChromeDriver: chrome on WINDOWS (e2936dbe0f919b350e47f123e5c62922)] -> xpath: //ul[@class='top-menu notmobile']/li[2]]<br/>
Clicking on Cellphone : [[ChromeDriver: chrome on WINDOWS (e2936dbe0f919b350e47f123e5c62922)] -> xpath: //body[1]/div[6]/div[2]/ul[1]/li[2]/ul[1]/li[2]/a[1]]<br/>
Text verify : [[ChromeDriver: chrome on WINDOWS (e2936dbe0f919b350e47f123e5c62922)] -> xpath: //h1[contains(text(),'Cell phones')]]<br/>
Click on listview : [[ChromeDriver: chrome on WINDOWS (e2936dbe0f919b350e47f123e5c62922)] -> xpath: //h1[contains(text(),'Cell phones')]]<br/>
Click on NokiaLumia : [[ChromeDriver: chrome on WINDOWS (e2936dbe0f919b350e47f123e5c62922)] -> xpath: //div[@class='details']//a[contains(text(),'Nokia Lumia 1020')]]<br/>
Verify text NokiaLumia : [[ChromeDriver: chrome on WINDOWS (e2936dbe0f919b350e47f123e5c62922)] -> xpath: //h1[contains(text(),'Nokia Lumia 1020')]]<br/>
Verify text $349 : [[ChromeDriver: chrome on WINDOWS (e2936dbe0f919b350e47f123e5c62922)] -> xpath: //span[@id='price-value-20']]<br/>
Click on Add to cart : [[ChromeDriver: chrome on WINDOWS (e2936dbe0f919b350e47f123e5c62922)] -> xpath: //button[@id='add-to-cart-button-20']]<br/>
Verify Text message : [[ChromeDriver: chrome on WINDOWS (e2936dbe0f919b350e47f123e5c62922)] -> xpath: //div[@id='bar-notification']/div/p]<br/>
Click on CrossTab : [[ChromeDriver: chrome on WINDOWS (e2936dbe0f919b350e47f123e5c62922)] -> xpath: //span[@class='close']]<br/>
</div>
</td>
<td><div><pre>org.openqa.selenium.ElementNotInteractableException: element not interactable: [object HTMLButtonElement] has no size and location
  (Session info: chrome=108.0.5359.99)
Build info: version: &apos;4.6.0&apos;, revision: &apos;79f1c02ae20&apos;
System info: os.name: &apos;Windows 10&apos;, os.arch: &apos;amd64&apos;, os.version: &apos;10.0&apos;, java.version: &apos;1.8.0_251&apos;
Driver info: org.openqa.selenium.chrome.ChromeDriver
Command: [e2936dbe0f919b350e47f123e5c62922, actions {actions=[org.openqa.selenium.interactions.Sequence@3a230001]}]
Capabilities {acceptInsecureCerts: false, browserName: chrome, browserVersion: 108.0.5359.99, chrome: {chromedriverVersion: 108.0.5359.71 (1e0e3868ee06..., userDataDir: C:\Users\kinmi\AppData\Loca...}, goog:chromeOptions: {debuggerAddress: localhost:58296}, networkConnectionEnabled: false, pageLoadStrategy: normal, platformName: WINDOWS, proxy: Proxy(), se:cdp: ws://localhost:58296/devtoo..., se:cdpVersion: 108.0.5359.99, setWindowRect: true, strictFileInteractability: false, timeouts: {implicit: 0, pageLoad: 300000, script: 30000}, unhandledPromptBehavior: dismiss and notify, webauthn:extension:credBlob: true, webauthn:extension:largeBlob: true, webauthn:virtualAuthenticators: true}
Session ID: e2936dbe0f919b350e47f123e5c62922
	at org.openqa.selenium.remote.codec.w3c.W3CHttpResponseCodec.createException(W3CHttpResponseCodec.java:200)
	at org.openqa.selenium.remote.codec.w3c.W3CHttpResponseCodec.decode(W3CHttpResponseCodec.java:133)
	at org.openqa.selenium.remote.codec.w3c.W3CHttpResponseCodec.decode(W3CHttpResponseCodec.java:53)
	at org.openqa.selenium.remote.HttpCommandExecutor.execute(HttpCommandExecutor.java:184)
	at org.openqa.selenium.remote.service.DriverCommandExecutor.invokeExecute(DriverCommandExecutor.java:167)
	at org.openqa.selenium.remote.service.DriverCommandExecutor.execute(DriverCommandExecutor.java:142)
	at org.openqa.selenium.remote.RemoteWebDriver.execute(RemoteWebDriver.java:541)
	at org.openqa.selenium.remote.RemoteWebDriver.perform(RemoteWebDriver.java:609)
	at org.openqa.selenium.interactions.Actions$BuiltAction.perform(Actions.java:567)
	at org.openqa.selenium.interactions.Actions.perform(Actions.java:536)
	at com.nopcommerce.demo.utility.Utility.mouseHoverToElementAndClick(Utility.java:248)
	at com.nopcommerce.demo.pages.ElectronicsPage.clickOnShoppingCart(ElectronicsPage.java:305)
	at com.nopcommerce.demo.testsuite.ElectronicsTest.verifyThatTheProductAddedSuccessfullyAndPlaceOrderSuccessfully(ElectronicsTest.java:59)
	at java.util.ArrayList.forEach(ArrayList.java:1257)
	at com.intellij.rt.testng.IDEARemoteTestNG.run(IDEARemoteTestNG.java:66)
	at com.intellij.rt.testng.RemoteTestNGStarter.main(RemoteTestNGStarter.java:109)
... Removed 28 stack frames</pre></div><a href='#' onClick='toggleBox("stack-trace947173397", this, "Click to show all stack frames", "Click to hide stack frames")'>Click to show all stack frames</a>
<div class='stack-trace' id='stack-trace947173397'><pre>org.openqa.selenium.ElementNotInteractableException: element not interactable: [object HTMLButtonElement] has no size and location
  (Session info: chrome=108.0.5359.99)
Build info: version: &apos;4.6.0&apos;, revision: &apos;79f1c02ae20&apos;
System info: os.name: &apos;Windows 10&apos;, os.arch: &apos;amd64&apos;, os.version: &apos;10.0&apos;, java.version: &apos;1.8.0_251&apos;
Driver info: org.openqa.selenium.chrome.ChromeDriver
Command: [e2936dbe0f919b350e47f123e5c62922, actions {actions=[org.openqa.selenium.interactions.Sequence@3a230001]}]
Capabilities {acceptInsecureCerts: false, browserName: chrome, browserVersion: 108.0.5359.99, chrome: {chromedriverVersion: 108.0.5359.71 (1e0e3868ee06..., userDataDir: C:\Users\kinmi\AppData\Loca...}, goog:chromeOptions: {debuggerAddress: localhost:58296}, networkConnectionEnabled: false, pageLoadStrategy: normal, platformName: WINDOWS, proxy: Proxy(), se:cdp: ws://localhost:58296/devtoo..., se:cdpVersion: 108.0.5359.99, setWindowRect: true, strictFileInteractability: false, timeouts: {implicit: 0, pageLoad: 300000, script: 30000}, unhandledPromptBehavior: dismiss and notify, webauthn:extension:credBlob: true, webauthn:extension:largeBlob: true, webauthn:virtualAuthenticators: true}
Session ID: e2936dbe0f919b350e47f123e5c62922
	at sun.reflect.NativeConstructorAccessorImpl.newInstance0(Native Method)
	at sun.reflect.NativeConstructorAccessorImpl.newInstance(NativeConstructorAccessorImpl.java:62)
	at sun.reflect.DelegatingConstructorAccessorImpl.newInstance(DelegatingConstructorAccessorImpl.java:45)
	at java.lang.reflect.Constructor.newInstance(Constructor.java:423)
	at org.openqa.selenium.remote.codec.w3c.W3CHttpResponseCodec.createException(W3CHttpResponseCodec.java:200)
	at org.openqa.selenium.remote.codec.w3c.W3CHttpResponseCodec.decode(W3CHttpResponseCodec.java:133)
	at org.openqa.selenium.remote.codec.w3c.W3CHttpResponseCodec.decode(W3CHttpResponseCodec.java:53)
	at org.openqa.selenium.remote.HttpCommandExecutor.execute(HttpCommandExecutor.java:184)
	at org.openqa.selenium.remote.service.DriverCommandExecutor.invokeExecute(DriverCommandExecutor.java:167)
	at org.openqa.selenium.remote.service.DriverCommandExecutor.execute(DriverCommandExecutor.java:142)
	at org.openqa.selenium.remote.RemoteWebDriver.execute(RemoteWebDriver.java:541)
	at org.openqa.selenium.remote.RemoteWebDriver.perform(RemoteWebDriver.java:609)
	at org.openqa.selenium.interactions.Actions$BuiltAction.perform(Actions.java:567)
	at org.openqa.selenium.interactions.Actions.perform(Actions.java:536)
	at com.nopcommerce.demo.utility.Utility.mouseHoverToElementAndClick(Utility.java:248)
	at com.nopcommerce.demo.pages.ElectronicsPage.clickOnShoppingCart(ElectronicsPage.java:305)
	at com.nopcommerce.demo.testsuite.ElectronicsTest.verifyThatTheProductAddedSuccessfullyAndPlaceOrderSuccessfully(ElectronicsTest.java:59)
	at sun.reflect.NativeMethodAccessorImpl.invoke0(Native Method)
	at sun.reflect.NativeMethodAccessorImpl.invoke(NativeMethodAccessorImpl.java:62)
	at sun.reflect.DelegatingMethodAccessorImpl.invoke(DelegatingMethodAccessorImpl.java:43)
	at java.lang.reflect.Method.invoke(Method.java:498)
	at org.testng.internal.invokers.MethodInvocationHelper.invokeMethod(MethodInvocationHelper.java:135)
	at org.testng.internal.invokers.TestInvoker.invokeMethod(TestInvoker.java:673)
	at org.testng.internal.invokers.TestInvoker.invokeTestMethod(TestInvoker.java:220)
	at org.testng.internal.invokers.MethodRunner.runInSequence(MethodRunner.java:50)
	at org.testng.internal.invokers.TestInvoker$MethodInvocationAgent.invoke(TestInvoker.java:945)
	at org.testng.internal.invokers.TestInvoker.invokeTestMethods(TestInvoker.java:193)
	at org.testng.internal.invokers.TestMethodWorker.invokeTestMethods(TestMethodWorker.java:146)
	at org.testng.internal.invokers.TestMethodWorker.run(TestMethodWorker.java:128)
	at java.util.ArrayList.forEach(ArrayList.java:1257)
	at org.testng.TestRunner.privateRun(TestRunner.java:808)
	at org.testng.TestRunner.run(TestRunner.java:603)
	at org.testng.SuiteRunner.runTest(SuiteRunner.java:429)
	at org.testng.SuiteRunner.runSequentially(SuiteRunner.java:423)
	at org.testng.SuiteRunner.privateRun(SuiteRunner.java:383)
	at org.testng.SuiteRunner.run(SuiteRunner.java:326)
	at org.testng.SuiteRunnerWorker.runSuite(SuiteRunnerWorker.java:52)
	at org.testng.SuiteRunnerWorker.run(SuiteRunnerWorker.java:95)
	at org.testng.TestNG.runSuitesSequentially(TestNG.java:1249)
	at org.testng.TestNG.runSuitesLocally(TestNG.java:1169)
	at org.testng.TestNG.runSuites(TestNG.java:1092)
	at org.testng.TestNG.run(TestNG.java:1060)
	at com.intellij.rt.testng.IDEARemoteTestNG.run(IDEARemoteTestNG.java:66)
	at com.intellij.rt.testng.RemoteTestNGStarter.main(RemoteTestNGStarter.java:109)
</pre></div></td>
<td>3</td>
<td>com.nopcommerce.demo.testsuite.ElectronicsTest@fe18270</td></tr>
<tr>
<td title='com.nopcommerce.demo.testsuite.ComputerPageTest.verifyProductAddedToShoppingCartSuccessFully()'><b>verifyProductAddedToShoppingCartSuccessFully</b><br>Test class: com.nopcommerce.demo.testsuite.ComputerPageTest<br/>
<a href="#Output-1884422865" onClick='toggleBox("Output-1884422865", this, "Show output", "Hide output");'>Show output</a>

<a href="#Output-1884422865" onClick="toggleAllBoxes();">Show all outputs</a>
<div class='log' id="Output-1884422865">
Clicking on Computer Tab : [[ChromeDriver: chrome on WINDOWS (38830eb4c585f794bd6c2211483267c9)] -> xpath: //ul[@class='top-menu notmobile']//a[contains(text(),'Computers')]]<br/>
Clicking on Desktop : [[ChromeDriver: chrome on WINDOWS (38830eb4c585f794bd6c2211483267c9)] -> link text: Desktops]<br/>
Clicking on Add to cart Tab : [[ChromeDriver: chrome on WINDOWS (38830eb4c585f794bd6c2211483267c9)] -> xpath: //div[@class='add-info']//button[@onclick='return AjaxCart.addproducttocart_catalog("/addproducttocart/catalog/1/1/1"),!1']]<br/>
Clicking on Add to oCart Link : [[ChromeDriver: chrome on WINDOWS (38830eb4c585f794bd6c2211483267c9)] -> id: add-to-cart-button-1]<br/>
Get Text Message : [[ChromeDriver: chrome on WINDOWS (38830eb4c585f794bd6c2211483267c9)] -> xpath: //div[@class='bar-notification success']/p[1]]<br/>
Clicking on Cross button : [[ChromeDriver: chrome on WINDOWS (38830eb4c585f794bd6c2211483267c9)] -> xpath: //span[@class='close']]<br/>
</div>
</td>
<td><div><pre>org.openqa.selenium.ElementNotInteractableException: element not interactable
  (Session info: chrome=108.0.5359.99)
Build info: version: &apos;4.6.0&apos;, revision: &apos;79f1c02ae20&apos;
System info: os.name: &apos;Windows 10&apos;, os.arch: &apos;amd64&apos;, os.version: &apos;10.0&apos;, java.version: &apos;1.8.0_251&apos;
Driver info: org.openqa.selenium.chrome.ChromeDriver
Command: [38830eb4c585f794bd6c2211483267c9, clickElement {id=c5b27fbb-2a99-4195-8d4f-0fe92dbeea3a}]
Capabilities {acceptInsecureCerts: false, browserName: chrome, browserVersion: 108.0.5359.99, chrome: {chromedriverVersion: 108.0.5359.71 (1e0e3868ee06..., userDataDir: C:\Users\kinmi\AppData\Loca...}, goog:chromeOptions: {debuggerAddress: localhost:58233}, networkConnectionEnabled: false, pageLoadStrategy: normal, platformName: WINDOWS, proxy: Proxy(), se:cdp: ws://localhost:58233/devtoo..., se:cdpVersion: 108.0.5359.99, setWindowRect: true, strictFileInteractability: false, timeouts: {implicit: 0, pageLoad: 300000, script: 30000}, unhandledPromptBehavior: dismiss and notify, webauthn:extension:credBlob: true, webauthn:extension:largeBlob: true, webauthn:virtualAuthenticators: true}
Element: [[ChromeDriver: chrome on WINDOWS (38830eb4c585f794bd6c2211483267c9)] -&gt; xpath: //button[contains(text(),&apos;Go to cart&apos;)]]
Session ID: 38830eb4c585f794bd6c2211483267c9
	at org.openqa.selenium.remote.codec.w3c.W3CHttpResponseCodec.createException(W3CHttpResponseCodec.java:200)
	at org.openqa.selenium.remote.codec.w3c.W3CHttpResponseCodec.decode(W3CHttpResponseCodec.java:133)
	at org.openqa.selenium.remote.codec.w3c.W3CHttpResponseCodec.decode(W3CHttpResponseCodec.java:53)
	at org.openqa.selenium.remote.HttpCommandExecutor.execute(HttpCommandExecutor.java:184)
	at org.openqa.selenium.remote.service.DriverCommandExecutor.invokeExecute(DriverCommandExecutor.java:167)
	at org.openqa.selenium.remote.service.DriverCommandExecutor.execute(DriverCommandExecutor.java:142)
	at org.openqa.selenium.remote.RemoteWebDriver.execute(RemoteWebDriver.java:541)
	at org.openqa.selenium.remote.RemoteWebElement.execute(RemoteWebElement.java:257)
	at org.openqa.selenium.remote.RemoteWebElement.click(RemoteWebElement.java:78)
	at org.openqa.selenium.support.pagefactory.internal.LocatingElementHandler.invoke(LocatingElementHandler.java:52)
	at com.sun.proxy.$Proxy15.click(Unknown Source)
	at com.nopcommerce.demo.utility.Utility.clickOnElement(Utility.java:50)
	at com.nopcommerce.demo.pages.AddToCartPage.mouseHooverAndClickOnAddToCart(AddToCartPage.java:207)
	at com.nopcommerce.demo.testsuite.ComputerPageTest.verifyProductAddedToShoppingCartSuccessFully(ComputerPageTest.java:70)
	at java.util.ArrayList.forEach(ArrayList.java:1257)
	at com.intellij.rt.testng.IDEARemoteTestNG.run(IDEARemoteTestNG.java:66)
	at com.intellij.rt.testng.RemoteTestNGStarter.main(RemoteTestNGStarter.java:109)
... Removed 32 stack frames</pre></div><a href='#' onClick='toggleBox("stack-trace1884422865", this, "Click to show all stack frames", "Click to hide stack frames")'>Click to show all stack frames</a>
<div class='stack-trace' id='stack-trace1884422865'><pre>org.openqa.selenium.ElementNotInteractableException: element not interactable
  (Session info: chrome=108.0.5359.99)
Build info: version: &apos;4.6.0&apos;, revision: &apos;79f1c02ae20&apos;
System info: os.name: &apos;Windows 10&apos;, os.arch: &apos;amd64&apos;, os.version: &apos;10.0&apos;, java.version: &apos;1.8.0_251&apos;
Driver info: org.openqa.selenium.chrome.ChromeDriver
Command: [38830eb4c585f794bd6c2211483267c9, clickElement {id=c5b27fbb-2a99-4195-8d4f-0fe92dbeea3a}]
Capabilities {acceptInsecureCerts: false, browserName: chrome, browserVersion: 108.0.5359.99, chrome: {chromedriverVersion: 108.0.5359.71 (1e0e3868ee06..., userDataDir: C:\Users\kinmi\AppData\Loca...}, goog:chromeOptions: {debuggerAddress: localhost:58233}, networkConnectionEnabled: false, pageLoadStrategy: normal, platformName: WINDOWS, proxy: Proxy(), se:cdp: ws://localhost:58233/devtoo..., se:cdpVersion: 108.0.5359.99, setWindowRect: true, strictFileInteractability: false, timeouts: {implicit: 0, pageLoad: 300000, script: 30000}, unhandledPromptBehavior: dismiss and notify, webauthn:extension:credBlob: true, webauthn:extension:largeBlob: true, webauthn:virtualAuthenticators: true}
Element: [[ChromeDriver: chrome on WINDOWS (38830eb4c585f794bd6c2211483267c9)] -&gt; xpath: //button[contains(text(),&apos;Go to cart&apos;)]]
Session ID: 38830eb4c585f794bd6c2211483267c9
	at sun.reflect.NativeConstructorAccessorImpl.newInstance0(Native Method)
	at sun.reflect.NativeConstructorAccessorImpl.newInstance(NativeConstructorAccessorImpl.java:62)
	at sun.reflect.DelegatingConstructorAccessorImpl.newInstance(DelegatingConstructorAccessorImpl.java:45)
	at java.lang.reflect.Constructor.newInstance(Constructor.java:423)
	at org.openqa.selenium.remote.codec.w3c.W3CHttpResponseCodec.createException(W3CHttpResponseCodec.java:200)
	at org.openqa.selenium.remote.codec.w3c.W3CHttpResponseCodec.decode(W3CHttpResponseCodec.java:133)
	at org.openqa.selenium.remote.codec.w3c.W3CHttpResponseCodec.decode(W3CHttpResponseCodec.java:53)
	at org.openqa.selenium.remote.HttpCommandExecutor.execute(HttpCommandExecutor.java:184)
	at org.openqa.selenium.remote.service.DriverCommandExecutor.invokeExecute(DriverCommandExecutor.java:167)
	at org.openqa.selenium.remote.service.DriverCommandExecutor.execute(DriverCommandExecutor.java:142)
	at org.openqa.selenium.remote.RemoteWebDriver.execute(RemoteWebDriver.java:541)
	at org.openqa.selenium.remote.RemoteWebElement.execute(RemoteWebElement.java:257)
	at org.openqa.selenium.remote.RemoteWebElement.click(RemoteWebElement.java:78)
	at sun.reflect.NativeMethodAccessorImpl.invoke0(Native Method)
	at sun.reflect.NativeMethodAccessorImpl.invoke(NativeMethodAccessorImpl.java:62)
	at sun.reflect.DelegatingMethodAccessorImpl.invoke(DelegatingMethodAccessorImpl.java:43)
	at java.lang.reflect.Method.invoke(Method.java:498)
	at org.openqa.selenium.support.pagefactory.internal.LocatingElementHandler.invoke(LocatingElementHandler.java:52)
	at com.sun.proxy.$Proxy15.click(Unknown Source)
	at com.nopcommerce.demo.utility.Utility.clickOnElement(Utility.java:50)
	at com.nopcommerce.demo.pages.AddToCartPage.mouseHooverAndClickOnAddToCart(AddToCartPage.java:207)
	at com.nopcommerce.demo.testsuite.ComputerPageTest.verifyProductAddedToShoppingCartSuccessFully(ComputerPageTest.java:70)
	at sun.reflect.NativeMethodAccessorImpl.invoke0(Native Method)
	at sun.reflect.NativeMethodAccessorImpl.invoke(NativeMethodAccessorImpl.java:62)
	at sun.reflect.DelegatingMethodAccessorImpl.invoke(DelegatingMethodAccessorImpl.java:43)
	at java.lang.reflect.Method.invoke(Method.java:498)
	at org.testng.internal.invokers.MethodInvocationHelper.invokeMethod(MethodInvocationHelper.java:135)
	at org.testng.internal.invokers.TestInvoker.invokeMethod(TestInvoker.java:673)
	at org.testng.internal.invokers.TestInvoker.invokeTestMethod(TestInvoker.java:220)
	at org.testng.internal.invokers.MethodRunner.runInSequence(MethodRunner.java:50)
	at org.testng.internal.invokers.TestInvoker$MethodInvocationAgent.invoke(TestInvoker.java:945)
	at org.testng.internal.invokers.TestInvoker.invokeTestMethods(TestInvoker.java:193)
	at org.testng.internal.invokers.TestMethodWorker.invokeTestMethods(TestMethodWorker.java:146)
	at org.testng.internal.invokers.TestMethodWorker.run(TestMethodWorker.java:128)
	at java.util.ArrayList.forEach(ArrayList.java:1257)
	at org.testng.TestRunner.privateRun(TestRunner.java:808)
	at org.testng.TestRunner.run(TestRunner.java:603)
	at org.testng.SuiteRunner.runTest(SuiteRunner.java:429)
	at org.testng.SuiteRunner.runSequentially(SuiteRunner.java:423)
	at org.testng.SuiteRunner.privateRun(SuiteRunner.java:383)
	at org.testng.SuiteRunner.run(SuiteRunner.java:326)
	at org.testng.SuiteRunnerWorker.runSuite(SuiteRunnerWorker.java:52)
	at org.testng.SuiteRunnerWorker.run(SuiteRunnerWorker.java:95)
	at org.testng.TestNG.runSuitesSequentially(TestNG.java:1249)
	at org.testng.TestNG.runSuitesLocally(TestNG.java:1169)
	at org.testng.TestNG.runSuites(TestNG.java:1092)
	at org.testng.TestNG.run(TestNG.java:1060)
	at com.intellij.rt.testng.IDEARemoteTestNG.run(IDEARemoteTestNG.java:66)
	at com.intellij.rt.testng.RemoteTestNGStarter.main(RemoteTestNGStarter.java:109)
</pre></div></td>
<td>24</td>
<td>com.nopcommerce.demo.testsuite.ComputerPageTest@10d59286</td></tr>
</table><p>
<table width='100%' border='1' class='invocation-passed'>
<tr><td colspan='4' align='center'><b>PASSED TESTS</b></td></tr>
<tr><td><b>Test method</b></td>
<td width="30%"><b>Exception</b></td>
<td width="10%"><b>Time (seconds)</b></td>
<td><b>Instance</b></td>
</tr>
<tr>
<td title='com.nopcommerce.demo.testsuite.ElectronicsTest.TestNameVerifyUserShouldNavigateToCellPhonesPageSuccessfully()'><b>TestNameVerifyUserShouldNavigateToCellPhonesPageSuccessfully</b><br>Test class: com.nopcommerce.demo.testsuite.ElectronicsTest<br/>
<a href="#Output-223783590" onClick='toggleBox("Output-223783590", this, "Show output", "Hide output");'>Show output</a>

<a href="#Output-223783590" onClick="toggleAllBoxes();">Show all outputs</a>
<div class='log' id="Output-223783590">
Clicking on Continue Tab : [[ChromeDriver: chrome on WINDOWS (6f20325d84374e5aa01bd69a65182735)] -> xpath: //ul[@class='top-menu notmobile']/li[2]]<br/>
Clicking on Continue Tab : [[ChromeDriver: chrome on WINDOWS (6f20325d84374e5aa01bd69a65182735)] -> xpath: //ul[@class='top-menu notmobile']/li[2]]<br/>
Clicking on Cellphone : [[ChromeDriver: chrome on WINDOWS (6f20325d84374e5aa01bd69a65182735)] -> xpath: //body[1]/div[6]/div[2]/ul[1]/li[2]/ul[1]/li[2]/a[1]]<br/>
Text verify : [[ChromeDriver: chrome on WINDOWS (6f20325d84374e5aa01bd69a65182735)] -> xpath: //h1[contains(text(),'Cell phones')]]<br/>
</div>
</td>
<td></td>
<td>0</td>
<td>com.nopcommerce.demo.testsuite.ElectronicsTest@fe18270</td></tr>
<tr>
<td title='com.nopcommerce.demo.testsuite.HomePageTest.verifyPageNavigationToComputerPageSuccessfully()'><b>verifyPageNavigationToComputerPageSuccessfully</b><br>Test class: com.nopcommerce.demo.testsuite.HomePageTest<br/>
<a href="#Output-658281599" onClick='toggleBox("Output-658281599", this, "Show output", "Hide output");'>Show output</a>

<a href="#Output-658281599" onClick="toggleAllBoxes();">Show all outputs</a>
<div class='log' id="Output-658281599">
Clicking on Computer Link : [[ChromeDriver: chrome on WINDOWS (d2ec649743d22fd07f9a668bd9aaa890)] -> xpath: //ul[@class='top-menu notmobile']//a[contains(text(),'Computers')]]<br/>
</div>
</td>
<td></td>
<td>0</td>
<td>com.nopcommerce.demo.testsuite.HomePageTest@150c158</td></tr>
<tr>
<td title='com.nopcommerce.demo.testsuite.ComputerPageTest.verifyProductArrangeInAlphaBaticalOrder()'><b>verifyProductArrangeInAlphaBaticalOrder</b><br>Test class: com.nopcommerce.demo.testsuite.ComputerPageTest<br/>
<a href="#Output-212924259" onClick='toggleBox("Output-212924259", this, "Show output", "Hide output");'>Show output</a>

<a href="#Output-212924259" onClick="toggleAllBoxes();">Show all outputs</a>
<div class='log' id="Output-212924259">
Clicking on Computer Tab : [[ChromeDriver: chrome on WINDOWS (06c6fe387781c61bd2b1820859888f96)] -> xpath: //ul[@class='top-menu notmobile']//a[contains(text(),'Computers')]]<br/>
Clicking on Desktop : [[ChromeDriver: chrome on WINDOWS (06c6fe387781c61bd2b1820859888f96)] -> link text: Desktops]<br/>
</div>
</td>
<td></td>
<td>2</td>
<td>com.nopcommerce.demo.testsuite.ComputerPageTest@10d59286</td></tr>
</table><p>
</body>
</html>