<?xml version="1.0" encoding="UTF-8"?>
<!-- Generated by org.testng.reporters.JUnitReportReporter -->
<testsuite skipped="0" hostname="LAPTOP-91J108P6" name="com.nopcommerce.demo.testsuite.ElectronicsTest" tests="2" failures="0" timestamp="2022-12-13T22:52:52 GMT" time="11.356" errors="1">
  <testcase name="TestNameVerifyUserShouldNavigateToCellPhonesPageSuccessfully" time="5.155" classname="com.nopcommerce.demo.testsuite.ElectronicsTest"/>
  <system-out>
    <![CDATA[Clicking on Continue Tab : [[ChromeDriver: chrome on WINDOWS (1364f013e1c9d77130088d15b37dc65f)] -> xpath: //ul[@class='top-menu notmobile']/li[2]]
Clicking on Continue Tab : [[ChromeDriver: chrome on WINDOWS (1364f013e1c9d77130088d15b37dc65f)] -> xpath: //ul[@class='top-menu notmobile']/li[2]]
Clicking on Cellphone : [[ChromeDriver: chrome on WINDOWS (1364f013e1c9d77130088d15b37dc65f)] -> xpath: //body[1]/div[6]/div[2]/ul[1]/li[2]/ul[1]/li[2]/a[1]]
Text verify : [[ChromeDriver: chrome on WINDOWS (1364f013e1c9d77130088d15b37dc65f)] -> xpath: //h1[contains(text(),'Cell phones')]]]]>
  </system-out>
  <testcase name="verifyThatTheProductAddedSuccessfullyAndPlaceOrderSuccessfully" time="6.201" classname="com.nopcommerce.demo.testsuite.ElectronicsTest">
    <error type="org.openqa.selenium.ElementNotInteractableException" message="element not interactable: [object HTMLButtonElement] has no size and location
  (Session info: chrome=108.0.5359.99)
Build info: version: &#039;4.6.0&#039;, revision: &#039;79f1c02ae20&#039;
System info: os.name: &#039;Windows 10&#039;, os.arch: &#039;amd64&#039;, os.version: &#039;10.0&#039;, java.version: &#039;1.8.0_251&#039;
Driver info: org.openqa.selenium.chrome.ChromeDriver
Command: [13f5dd6475e961b0f2ea317ec0c56908, actions {actions=[org.openqa.selenium.interactions.Sequence@17fa1336]}]
Capabilities {acceptInsecureCerts: false, browserName: chrome, browserVersion: 108.0.5359.99, chrome: {chromedriverVersion: 108.0.5359.71 (1e0e3868ee06..., userDataDir: C:\Users\kinmi\AppData\Loca...}, goog:chromeOptions: {debuggerAddress: localhost:58584}, networkConnectionEnabled: false, pageLoadStrategy: normal, platformName: WINDOWS, proxy: Proxy(), se:cdp: ws://localhost:58584/devtoo..., se:cdpVersion: 108.0.5359.99, setWindowRect: true, strictFileInteractability: false, timeouts: {implicit: 0, pageLoad: 300000, script: 30000}, unhandledPromptBehavior: dismiss and notify, webauthn:extension:credBlob: true, webauthn:extension:largeBlob: true, webauthn:virtualAuthenticators: true}
Session ID: 13f5dd6475e961b0f2ea317ec0c56908">
      <![CDATA[org.openqa.selenium.ElementNotInteractableException: element not interactable: [object HTMLButtonElement] has no size and location
  (Session info: chrome=108.0.5359.99)
Build info: version: '4.6.0', revision: '79f1c02ae20'
System info: os.name: 'Windows 10', os.arch: 'amd64', os.version: '10.0', java.version: '1.8.0_251'
Driver info: org.openqa.selenium.chrome.ChromeDriver
Command: [13f5dd6475e961b0f2ea317ec0c56908, actions {actions=[org.openqa.selenium.interactions.Sequence@17fa1336]}]
Capabilities {acceptInsecureCerts: false, browserName: chrome, browserVersion: 108.0.5359.99, chrome: {chromedriverVersion: 108.0.5359.71 (1e0e3868ee06..., userDataDir: C:\Users\kinmi\AppData\Loca...}, goog:chromeOptions: {debuggerAddress: localhost:58584}, networkConnectionEnabled: false, pageLoadStrategy: normal, platformName: WINDOWS, proxy: Proxy(), se:cdp: ws://localhost:58584/devtoo..., se:cdpVersion: 108.0.5359.99, setWindowRect: true, strictFileInteractability: false, timeouts: {implicit: 0, pageLoad: 300000, script: 30000}, unhandledPromptBehavior: dismiss and notify, webauthn:extension:credBlob: true, webauthn:extension:largeBlob: true, webauthn:virtualAuthenticators: true}
Session ID: 13f5dd6475e961b0f2ea317ec0c56908
at sun.reflect.NativeConstructorAccessorImpl.newInstance0(Native Method)
at sun.reflect.NativeConstructorAccessorImpl.newInstance(NativeConstructorAccessorImpl.java:62)
at sun.reflect.DelegatingConstructorAccessorImpl.newInstance(DelegatingConstructorAccessorImpl.java:45)
at java.lang.reflect.Constructor.newInstance(Constructor.java:423)
at org.openqa.selenium.remote.codec.w3c.W3CHttpResponseCodec.createException(W3CHttpResponseCodec.java:200)
at org.openqa.selenium.remote.codec.w3c.W3CHttpResponseCodec.decode(W3CHttpResponseCodec.java:133)
at org.openqa.selenium.remote.codec.w3c.W3CHttpResponseCodec.decode(W3CHttpResponseCodec.java:53)
at org.openqa.selenium.remote.HttpCommandExecutor.execute(HttpCommandExecutor.java:184)
at org.openqa.selenium.remote.service.DriverCommandExecutor.invokeExecute(DriverCommandExecutor.java:167)
at org.openqa.selenium.remote.service.DriverCommandExecutor.execute(DriverCommandExecutor.java:142)
at org.openqa.selenium.remote.RemoteWebDriver.execute(RemoteWebDriver.java:541)
at org.openqa.selenium.remote.RemoteWebDriver.perform(RemoteWebDriver.java:609)
at org.openqa.selenium.interactions.Actions$BuiltAction.perform(Actions.java:567)
at org.openqa.selenium.interactions.Actions.perform(Actions.java:536)
at com.nopcommerce.demo.utility.Utility.mouseHoverToElementAndClick(Utility.java:248)
at com.nopcommerce.demo.pages.ElectronicsPage.clickOnShoppingCart(ElectronicsPage.java:305)
at com.nopcommerce.demo.testsuite.ElectronicsTest.verifyThatTheProductAddedSuccessfullyAndPlaceOrderSuccessfully(ElectronicsTest.java:59)
at sun.reflect.NativeMethodAccessorImpl.invoke0(Native Method)
at sun.reflect.NativeMethodAccessorImpl.invoke(NativeMethodAccessorImpl.java:62)
at sun.reflect.DelegatingMethodAccessorImpl.invoke(DelegatingMethodAccessorImpl.java:43)
at java.lang.reflect.Method.invoke(Method.java:498)
at org.testng.internal.invokers.MethodInvocationHelper.invokeMethod(MethodInvocationHelper.java:135)
at org.testng.internal.invokers.TestInvoker.invokeMethod(TestInvoker.java:673)
at org.testng.internal.invokers.TestInvoker.invokeTestMethod(TestInvoker.java:220)
at org.testng.internal.invokers.MethodRunner.runInSequence(MethodRunner.java:50)
at org.testng.internal.invokers.TestInvoker$MethodInvocationAgent.invoke(TestInvoker.java:945)
at org.testng.internal.invokers.TestInvoker.invokeTestMethods(TestInvoker.java:193)
at org.testng.internal.invokers.TestMethodWorker.invokeTestMethods(TestMethodWorker.java:146)
at org.testng.internal.invokers.TestMethodWorker.run(TestMethodWorker.java:128)
at java.util.ArrayList.forEach(ArrayList.java:1257)
at org.testng.TestRunner.privateRun(TestRunner.java:808)
at org.testng.TestRunner.run(TestRunner.java:603)
at org.testng.SuiteRunner.runTest(SuiteRunner.java:429)
at org.testng.SuiteRunner.runSequentially(SuiteRunner.java:423)
at org.testng.SuiteRunner.privateRun(SuiteRunner.java:383)
at org.testng.SuiteRunner.run(SuiteRunner.java:326)
at org.testng.SuiteRunnerWorker.runSuite(SuiteRunnerWorker.java:52)
at org.testng.SuiteRunnerWorker.run(SuiteRunnerWorker.java:95)
at org.testng.TestNG.runSuitesSequentially(TestNG.java:1249)
at org.testng.TestNG.runSuitesLocally(TestNG.java:1169)
at org.testng.TestNG.runSuites(TestNG.java:1092)
at org.testng.TestNG.run(TestNG.java:1060)
at com.intellij.rt.testng.IDEARemoteTestNG.run(IDEARemoteTestNG.java:66)
at com.intellij.rt.testng.RemoteTestNGStarter.main(RemoteTestNGStarter.java:109)
]]>
    </error>
  </testcase> <!-- verifyThatTheProductAddedSuccessfullyAndPlaceOrderSuccessfully -->
  <system-out>
    <![CDATA[Clicking on Continue Tab : [[ChromeDriver: chrome on WINDOWS (13f5dd6475e961b0f2ea317ec0c56908)] -> xpath: //ul[@class='top-menu notmobile']/li[2]]
Clicking on Continue Tab : [[ChromeDriver: chrome on WINDOWS (13f5dd6475e961b0f2ea317ec0c56908)] -> xpath: //ul[@class='top-menu notmobile']/li[2]]
Clicking on Cellphone : [[ChromeDriver: chrome on WINDOWS (13f5dd6475e961b0f2ea317ec0c56908)] -> xpath: //body[1]/div[6]/div[2]/ul[1]/li[2]/ul[1]/li[2]/a[1]]
Text verify : [[ChromeDriver: chrome on WINDOWS (13f5dd6475e961b0f2ea317ec0c56908)] -> xpath: //h1[contains(text(),'Cell phones')]]
Click on listview : [[ChromeDriver: chrome on WINDOWS (13f5dd6475e961b0f2ea317ec0c56908)] -> xpath: //h1[contains(text(),'Cell phones')]]
Click on NokiaLumia : [[ChromeDriver: chrome on WINDOWS (13f5dd6475e961b0f2ea317ec0c56908)] -> xpath: //div[@class='details']//a[contains(text(),'Nokia Lumia 1020')]]
Verify text NokiaLumia : [[ChromeDriver: chrome on WINDOWS (13f5dd6475e961b0f2ea317ec0c56908)] -> xpath: //h1[contains(text(),'Nokia Lumia 1020')]]
Verify text $349 : [[ChromeDriver: chrome on WINDOWS (13f5dd6475e961b0f2ea317ec0c56908)] -> xpath: //span[@id='price-value-20']]
Click on Add to cart : [[ChromeDriver: chrome on WINDOWS (13f5dd6475e961b0f2ea317ec0c56908)] -> xpath: //button[@id='add-to-cart-button-20']]
Verify Text message : [[ChromeDriver: chrome on WINDOWS (13f5dd6475e961b0f2ea317ec0c56908)] -> xpath: //div[@id='bar-notification']/div/p]
Click on CrossTab : [[ChromeDriver: chrome on WINDOWS (13f5dd6475e961b0f2ea317ec0c56908)] -> xpath: //span[@class='close']]]]>
  </system-out>
</testsuite> <!-- com.nopcommerce.demo.testsuite.ElectronicsTest -->
